<?xml version="1.0" encoding="UTF-8"?>
<testsuite xmlns:xsi="http://www.w3.org/2001/XMLSchema-instance" xsi:noNamespaceSchemaLocation="https://maven.apache.org/surefire/maven-surefire-plugin/xsd/surefire-test-report.xsd" name="TestSuite" time="0.465" tests="8" errors="0" skipped="0" failures="0">
  <properties>
    <property name="java.specification.version" value="17"/>
    <property name="sun.cpu.isalist" value="amd64"/>
    <property name="sun.jnu.encoding" value="Cp1252"/>
    <property name="java.class.path" value="C:\Users\Miguel\Desktop\testngexample\testng\target\test-classes;C:\Users\Miguel\Desktop\testngexample\testng\target\classes;C:\Users\Miguel\.m2\repository\org\testng\testng\7.9.0\testng-7.9.0.jar;C:\Users\Miguel\.m2\repository\org\slf4j\slf4j-api\1.7.36\slf4j-api-1.7.36.jar;C:\Users\Miguel\.m2\repository\com\beust\jcommander\1.82\jcommander-1.82.jar;C:\Users\Miguel\.m2\repository\org\webjars\jquery\3.7.1\jquery-3.7.1.jar;"/>
    <property name="java.vm.vendor" value="Amazon.com Inc."/>
    <property name="sun.arch.data.model" value="64"/>
    <property name="user.variant" value=""/>
    <property name="java.vendor.url" value="https://aws.amazon.com/corretto/"/>
    <property name="user.timezone" value="America/Santiago"/>
    <property name="os.name" value="Windows 11"/>
    <property name="java.vm.specification.version" value="17"/>
    <property name="sun.java.launcher" value="SUN_STANDARD"/>
    <property name="user.country" value="ES"/>
    <property name="sun.boot.library.path" value="C:\Program Files\Amazon Corretto\jdk17.0.12_7\bin"/>
    <property name="sun.java.command" value="C:\Users\Miguel\AppData\Local\Temp\surefire14652528083266920753\surefirebooter4823622208409040505.jar C:\Users\Miguel\AppData\Local\Temp\surefire14652528083266920753 2025-07-14T20-38-51_944-jvmRun1 surefire15766511288928387521tmp surefire_01550411900065036398tmp"/>
    <property name="jdk.debug" value="release"/>
    <property name="surefire.test.class.path" value="C:\Users\Miguel\Desktop\testngexample\testng\target\test-classes;C:\Users\Miguel\Desktop\testngexample\testng\target\classes;C:\Users\Miguel\.m2\repository\org\testng\testng\7.9.0\testng-7.9.0.jar;C:\Users\Miguel\.m2\repository\org\slf4j\slf4j-api\1.7.36\slf4j-api-1.7.36.jar;C:\Users\Miguel\.m2\repository\com\beust\jcommander\1.82\jcommander-1.82.jar;C:\Users\Miguel\.m2\repository\org\webjars\jquery\3.7.1\jquery-3.7.1.jar;"/>
    <property name="sun.cpu.endian" value="little"/>
    <property name="user.home" value="C:\Users\Miguel"/>
    <property name="user.language" value="es"/>
    <property name="java.specification.vendor" value="Oracle Corporation"/>
    <property name="java.version.date" value="2024-07-16"/>
    <property name="java.home" value="C:\Program Files\Amazon Corretto\jdk17.0.12_7"/>
    <property name="file.separator" value="\"/>
    <property name="basedir" value="C:\Users\Miguel\Desktop\testngexample\testng"/>
    <property name="java.vm.compressedOopsMode" value="Zero based"/>
    <property name="line.separator" value="&#10;"/>
    <property name="java.vm.specification.vendor" value="Oracle Corporation"/>
    <property name="java.specification.name" value="Java Platform API Specification"/>
    <property name="surefire.real.class.path" value="C:\Users\Miguel\AppData\Local\Temp\surefire14652528083266920753\surefirebooter4823622208409040505.jar"/>
    <property name="user.script" value=""/>
    <property name="sun.management.compiler" value="HotSpot 64-Bit Tiered Compilers"/>
    <property name="java.runtime.version" value="17.0.12+7-LTS"/>
    <property name="user.name" value="Miguel"/>
    <property name="path.separator" value=";"/>
    <property name="os.version" value="10.0"/>
    <property name="java.runtime.name" value="OpenJDK Runtime Environment"/>
    <property name="file.encoding" value="Cp1252"/>
    <property name="java.vm.name" value="OpenJDK 64-Bit Server VM"/>
    <property name="java.vendor.version" value="Corretto-17.0.12.7.1"/>
    <property name="localRepository" value="C:\Users\Miguel\.m2\repository"/>
    <property name="java.vendor.url.bug" value="https://github.com/corretto/corretto-17/issues/"/>
    <property name="java.io.tmpdir" value="C:\Users\Miguel\AppData\Local\Temp\"/>
    <property name="java.version" value="17.0.12"/>
    <property name="user.dir" value="C:\Users\Miguel\Desktop\testngexample\testng"/>
    <property name="os.arch" value="amd64"/>
    <property name="java.vm.specification.name" value="Java Virtual Machine Specification"/>
    <property name="sun.os.patch.level" value=""/>
    <property name="native.encoding" value="Cp1252"/>
    <property name="java.library.path" value="C:\Program Files\Amazon Corretto\jdk17.0.12_7\bin;C:\WINDOWS\Sun\Java\bin;C:\WINDOWS\system32;C:\WINDOWS;C:\Program Files (x86)\VMware\VMware Workstation\bin\;C:\Program Files\Amazon Corretto\jdk17.0.12_7\bin;C:\WINDOWS\system32;C:\WINDOWS;C:\WINDOWS\System32\Wbem;C:\WINDOWS\System32\WindowsPowerShell\v1.0\;C:\WINDOWS\System32\OpenSSH\;C:\Program Files (x86)\NVIDIA Corporation\PhysX\Common;C:\Program Files\Git\cmd;C:\php;C:\ProgramData\ComposerSetup\bin;C:\Program Files\dotnet\;C:\Program Files\Microsoft SQL Server\Client SDK\ODBC\170\Tools\Binn\;C:\Apache24\bin;C:\Program Files (x86)\Microsoft SQL Server\160\Tools\Binn\;C:\Program Files\Microsoft SQL Server\160\Tools\Binn\;C:\Program Files\Microsoft SQL Server\160\DTS\Binn\;C:\Users\Miguel\AppData\Local\Android\Sdk\platform-tools;C:\Users\Miguel\AppData\Local\Android\Sdk\emulator;C:\Users\Miguel\AppData\Local\Android\Sdk\tools;C:\Users\Miguel\AppData\Local\Android\Sdk\tools\bin;C:\Program Files\nodejs\;C:\Program Files\NVIDIA Corporation\NVIDIA app\NvDLISR;C:\gradle-8.14.2\bin;;C:\Program Files\Docker\Docker\resources\bin;C:\ProgramData\chocolatey\bin;C:\Users\Miguel\AppData\Local\Programs\Python\Python312\Scripts\;C:\Users\Miguel\AppData\Local\Programs\Python\Python312\;C:\Users\Miguel\AppData\Local\Microsoft\WindowsApps;C:\Users\Miguel\AppData\Local\Programs\Microsoft VS Code\bin;C:\Users\Miguel\AppData\Roaming\Composer\vendor\bin;C:\Users\Miguel\.dotnet\tools;C:\Program Files\JetBrains\PhpStorm 2024.2.3\bin;;C:\Users\Miguel\AppData\Roaming\npm;C:\Program Files\JetBrains\IntelliJ IDEA 2024.2.4\bin;;C:\flutter\bin;C:\maven\bin;;c:\Users\Miguel\AppData\Roaming\Code\User\globalStorage\github.copilot-chat\debugCommand;c:\Users\Miguel\AppData\Roaming\Code\User\globalStorage\github.copilot-chat\debugCommand;."/>
    <property name="java.vm.info" value="mixed mode, sharing"/>
    <property name="java.vendor" value="Amazon.com Inc."/>
    <property name="java.vm.version" value="17.0.12+7-LTS"/>
    <property name="sun.io.unicode.encoding" value="UnicodeLittle"/>
    <property name="java.class.version" value="61.0"/>
  </properties>
  <testcase name="testAgregarContacto" classname="cl.kibernumacademy.testng.ContactManagerTest" time="0.003"/>
  <testcase name="testAgregarContacto" classname="cl.kibernumacademy.testng.ContactManagerTest" time="0.004"/>
  <testcase name="testDesactivarContacto" classname="cl.kibernumacademy.testng.ContactManagerTest" time="0"/>
  <testcase name="testDesactivarContacto" classname="cl.kibernumacademy.testng.ContactManagerTest" time="0"/>
  <testcase name="testDesactivarContactoInexistente" classname="cl.kibernumacademy.testng.ContactManagerTest" time="0"/>
  <testcase name="testDesactivarContactoInexistente" classname="cl.kibernumacademy.testng.ContactManagerTest" time="0"/>
  <testcase name="testFiltrarPorEstado" classname="cl.kibernumacademy.testng.ContactManagerTest" time="0.004"/>
  <testcase name="testFiltrarPorEstado" classname="cl.kibernumacademy.testng.ContactManagerTest" time="0.004"/>
</testsuite>