<?xml version="1.0" encoding="UTF-8"?>
<!-- Generated by org.testng.reporters.JUnitReportReporter -->
<testsuite hostname="DESKTOP-8F1GC6C" failures="0" tests="8" name="cl.kibernumacademy.testng.ContactManagerTest" time="0.018" errors="0" timestamp="2025-07-14T20:38:52 CLT" skipped="0">
  <testcase classname="cl.kibernumacademy.testng.ContactManagerTest" name="testDesactivarContacto" time="0.001"/>
  <testcase classname="cl.kibernumacademy.testng.ContactManagerTest" name="testAgregarContacto" time="0.003"/>
  <testcase classname="cl.kibernumacademy.testng.ContactManagerTest" name="testFiltrarPorEstado" time="0.005"/>
  <testcase classname="cl.kibernumacademy.testng.ContactManagerTest" name="testFiltrarPorEstado" time="0.004"/>
  <testcase classname="cl.kibernumacademy.testng.ContactManagerTest" name="testAgregarContacto" time="0.004"/>
  <testcase classname="cl.kibernumacademy.testng.ContactManagerTest" name="testDesactivarContactoInexistente" time="0.000"/>
  <testcase classname="cl.kibernumacademy.testng.ContactManagerTest" name="testDesactivarContacto" time="0.001"/>
  <testcase classname="cl.kibernumacademy.testng.ContactManagerTest" name="testDesactivarContactoInexistente" time="0.000"/>
</testsuite> <!-- cl.kibernumacademy.testng.ContactManagerTest -->
